{"/Volumes/Robert/Github/react-expandable-listview/src/ReactExpandableListView.js":{"path":"/Volumes/Robert/Github/react-expandable-listview/src/ReactExpandableListView.js","s":{"1":1,"2":0,"3":0,"4":0,"5":0,"6":0,"7":0,"8":1,"9":1,"10":1,"11":2,"12":2,"13":2,"14":2,"15":2,"16":2,"17":1,"18":1,"19":1,"20":1,"21":0,"22":1,"23":1,"24":1,"25":1,"26":1,"27":1,"28":1,"29":1,"30":1,"31":1,"32":3,"33":1,"34":0,"35":0,"36":1,"37":0,"38":0,"39":0,"40":1,"41":1,"42":0,"43":1,"44":1,"45":1,"46":1,"47":1,"48":1,"49":0,"50":0,"51":0,"52":0,"53":0,"54":1,"55":0,"56":0,"57":0,"58":0,"59":0,"60":0,"61":0,"62":0,"63":0,"64":0,"65":0,"66":0,"67":0,"68":0,"69":0,"70":0,"71":0,"72":0,"73":0,"74":0,"75":0,"76":0,"77":0,"78":0,"79":0,"80":0,"81":0,"82":0,"83":0,"84":0,"85":1,"86":1,"87":1},"b":{"1":[1,0],"2":[0,0],"3":[2,2],"4":[2,0],"5":[1,0],"6":[0,1],"7":[2,1],"8":[3,3],"9":[0,0],"10":[0,0],"11":[0,0],"12":[0,0,0],"13":[0,1],"14":[1,0],"15":[1,1],"16":[1,0],"17":[1,0],"18":[0,0]},"f":{"1":0,"2":1,"3":1,"4":1,"5":3,"6":0,"7":0,"8":1,"9":1,"10":0,"11":0,"12":0,"13":0,"14":0,"15":0,"16":0},"fnMap":{"1":{"name":"(anonymous_1)","line":3,"loc":{"start":{"line":0,"column":0},"end":{"line":0,"column":0},"skip":true},"skip":true},"2":{"name":"(anonymous_2)","line":5,"loc":{"start":{"line":0,"column":0},"end":{"line":0,"column":0},"skip":true},"skip":true},"3":{"name":"defineProperties","line":5,"loc":{"start":{"line":0,"column":0},"end":{"line":0,"column":0},"skip":true},"skip":true},"4":{"name":"(anonymous_4)","line":5,"loc":{"start":{"line":0,"column":0},"end":{"line":0,"column":0},"skip":true},"skip":true},"5":{"name":"_interopRequireDefault","line":25,"loc":{"start":{"line":0,"column":0},"end":{"line":0,"column":0},"skip":true},"skip":true},"6":{"name":"_classCallCheck","line":27,"loc":{"start":{"line":0,"column":0},"end":{"line":0,"column":0},"skip":true},"skip":true},"7":{"name":"_possibleConstructorReturn","line":29,"loc":{"start":{"line":0,"column":0},"end":{"line":0,"column":0},"skip":true},"skip":true},"8":{"name":"_inherits","line":31,"loc":{"start":{"line":0,"column":0},"end":{"line":0,"column":0},"skip":true},"skip":true},"9":{"name":"(anonymous_9)","line":33,"loc":{"start":{"line":6,"column":34},"end":{"line":6,"column":34}}},"10":{"name":"ReactListView","line":36,"loc":{"start":{"line":14,"column":2},"end":{"line":14,"column":21}}},"11":{"name":"render","line":51,"loc":{"start":{"line":0,"column":0},"end":{"line":0,"column":0},"skip":true},"skip":true},"12":{"name":"makeHeaderRef","line":65,"loc":{"start":{"line":28,"column":24},"end":{"line":28,"column":30}}},"13":{"name":"makeItemRef","line":69,"loc":{"start":{"line":32,"column":22},"end":{"line":32,"column":28}}},"14":{"name":"(anonymous_14)","line":79,"loc":{"start":{"line":40,"column":32},"end":{"line":40,"column":46}}},"15":{"name":"(anonymous_15)","line":94,"loc":{"start":{"line":54,"column":16},"end":{"line":54,"column":16}}},"16":{"name":"handleToggle","line":133,"loc":{"start":{"line":0,"column":0},"end":{"line":0,"column":0},"skip":true},"skip":true}},"statementMap":{"1":{"start":{"line":0,"column":0},"end":{"line":0,"column":0},"skip":true},"2":{"start":{"line":0,"column":0},"end":{"line":0,"column":0},"skip":true},"3":{"start":{"line":0,"column":0},"end":{"line":0,"column":0},"skip":true},"4":{"start":{"line":0,"column":0},"end":{"line":0,"column":0},"skip":true},"5":{"start":{"line":0,"column":0},"end":{"line":0,"column":0},"skip":true},"6":{"start":{"line":0,"column":0},"end":{"line":0,"column":0},"skip":true},"7":{"start":{"line":0,"column":0},"end":{"line":0,"column":0},"skip":true},"8":{"start":{"line":0,"column":0},"end":{"line":0,"column":0},"skip":true},"9":{"start":{"line":0,"column":0},"end":{"line":0,"column":0},"skip":true},"10":{"start":{"line":0,"column":0},"end":{"line":0,"column":0},"skip":true},"11":{"start":{"line":0,"column":0},"end":{"line":0,"column":0},"skip":true},"12":{"start":{"line":0,"column":0},"end":{"line":0,"column":0},"skip":true},"13":{"start":{"line":0,"column":0},"end":{"line":0,"column":0},"skip":true},"14":{"start":{"line":0,"column":0},"end":{"line":0,"column":0},"skip":true},"15":{"start":{"line":0,"column":0},"end":{"line":0,"column":0},"skip":true},"16":{"start":{"line":0,"column":0},"end":{"line":0,"column":0},"skip":true},"17":{"start":{"line":0,"column":0},"end":{"line":0,"column":0},"skip":true},"18":{"start":{"line":0,"column":0},"end":{"line":0,"column":0},"skip":true},"19":{"start":{"line":0,"column":0},"end":{"line":0,"column":0},"skip":true},"20":{"start":{"line":0,"column":0},"end":{"line":0,"column":0},"skip":true},"21":{"start":{"line":0,"column":0},"end":{"line":0,"column":0},"skip":true},"22":{"start":{"line":0,"column":0},"end":{"line":0,"column":0},"skip":true},"23":{"start":{"line":0,"column":0},"end":{"line":0,"column":0},"skip":true},"24":{"start":{"line":0,"column":0},"end":{"line":0,"column":0},"skip":true},"25":{"start":{"line":0,"column":0},"end":{"line":0,"column":0},"skip":true},"26":{"start":{"line":0,"column":0},"end":{"line":0,"column":0},"skip":true},"27":{"start":{"line":0,"column":0},"end":{"line":0,"column":0},"skip":true},"28":{"start":{"line":0,"column":0},"end":{"line":0,"column":0},"skip":true},"29":{"start":{"line":0,"column":0},"end":{"line":0,"column":0},"skip":true},"30":{"start":{"line":0,"column":0},"end":{"line":0,"column":0},"skip":true},"31":{"start":{"line":0,"column":0},"end":{"line":0,"column":0},"skip":true},"32":{"start":{"line":0,"column":0},"end":{"line":0,"column":0},"skip":true},"33":{"start":{"line":0,"column":0},"end":{"line":0,"column":0},"skip":true},"34":{"start":{"line":0,"column":0},"end":{"line":0,"column":0},"skip":true},"35":{"start":{"line":0,"column":0},"end":{"line":0,"column":0},"skip":true},"36":{"start":{"line":0,"column":0},"end":{"line":0,"column":0},"skip":true},"37":{"start":{"line":0,"column":0},"end":{"line":0,"column":0},"skip":true},"38":{"start":{"line":0,"column":0},"end":{"line":0,"column":0},"skip":true},"39":{"start":{"line":0,"column":0},"end":{"line":0,"column":0},"skip":true},"40":{"start":{"line":0,"column":0},"end":{"line":0,"column":0},"skip":true},"41":{"start":{"line":0,"column":0},"end":{"line":0,"column":0},"skip":true},"42":{"start":{"line":0,"column":0},"end":{"line":0,"column":0},"skip":true},"43":{"start":{"line":0,"column":0},"end":{"line":0,"column":0},"skip":true},"44":{"start":{"line":0,"column":0},"end":{"line":0,"column":0},"skip":true},"45":{"start":{"line":0,"column":0},"end":{"line":0,"column":0},"skip":true},"46":{"start":{"line":0,"column":0},"end":{"line":0,"column":0},"skip":true},"47":{"start":{"line":0,"column":0},"end":{"line":0,"column":0},"skip":true},"48":{"start":{"line":14,"column":2},"end":{"line":20,"column":3}},"49":{"start":{"line":0,"column":0},"end":{"line":0,"column":0},"skip":true},"50":{"start":{"line":0,"column":0},"end":{"line":0,"column":0},"skip":true},"51":{"start":{"line":0,"column":0},"end":{"line":0,"column":0},"skip":true},"52":{"start":{"line":17,"column":4},"end":{"line":19,"column":5}},"53":{"start":{"line":0,"column":0},"end":{"line":0,"column":0},"skip":true},"54":{"start":{"line":0,"column":0},"end":{"line":0,"column":0},"skip":true},"55":{"start":{"line":0,"column":0},"end":{"line":0,"column":0},"skip":true},"56":{"start":{"line":0,"column":0},"end":{"line":0,"column":0},"skip":true},"57":{"start":{"line":0,"column":0},"end":{"line":0,"column":0},"skip":true},"58":{"start":{"line":0,"column":0},"end":{"line":0,"column":0},"skip":true},"59":{"start":{"line":0,"column":0},"end":{"line":0,"column":0},"skip":true},"60":{"start":{"line":0,"column":0},"end":{"line":0,"column":0},"skip":true},"61":{"start":{"line":0,"column":0},"end":{"line":0,"column":0},"skip":true},"62":{"start":{"line":0,"column":0},"end":{"line":0,"column":0},"skip":true},"63":{"start":{"line":0,"column":0},"end":{"line":0,"column":0},"skip":true},"64":{"start":{"line":0,"column":0},"end":{"line":0,"column":0},"skip":true},"65":{"start":{"line":27,"column":4},"end":{"line":27,"column":18}},"66":{"start":{"line":28,"column":4},"end":{"line":30,"column":6}},"67":{"start":{"line":29,"column":6},"end":{"line":29,"column":35}},"68":{"start":{"line":32,"column":4},"end":{"line":34,"column":6}},"69":{"start":{"line":33,"column":6},"end":{"line":33,"column":33}},"70":{"start":{"line":36,"column":4},"end":{"line":87,"column":6}},"71":{"start":{"line":41,"column":10},"end":{"line":41,"column":48}},"72":{"start":{"line":42,"column":10},"end":{"line":42,"column":47}},"73":{"start":{"line":0,"column":0},"end":{"line":0,"column":0},"skip":true},"74":{"start":{"line":44,"column":10},"end":{"line":44,"column":18}},"75":{"start":{"line":45,"column":10},"end":{"line":45,"column":44}},"76":{"start":{"line":46,"column":10},"end":{"line":46,"column":40}},"77":{"start":{"line":48,"column":10},"end":{"line":82,"column":12}},"78":{"start":{"line":0,"column":0},"end":{"line":0,"column":0},"skip":true},"79":{"start":{"line":0,"column":0},"end":{"line":0,"column":0},"skip":true},"80":{"start":{"line":0,"column":0},"end":{"line":0,"column":0},"skip":true},"81":{"start":{"line":92,"column":4},"end":{"line":92,"column":24}},"82":{"start":{"line":93,"column":4},"end":{"line":93,"column":69}},"83":{"start":{"line":94,"column":4},"end":{"line":94,"column":48}},"84":{"start":{"line":96,"column":4},"end":{"line":98,"column":5}},"85":{"start":{"line":0,"column":0},"end":{"line":0,"column":0},"skip":true},"86":{"start":{"line":6,"column":21},"end":{"line":12,"column":3}},"87":{"start":{"line":0,"column":0},"end":{"line":0,"column":0},"skip":true}},"branchMap":{"1":{"line":3,"type":"binary-expr","locations":[{"start":{"line":0,"column":0},"end":{"line":0,"column":0},"skip":true},{"start":{"line":0,"column":0},"end":{"line":0,"column":0},"skip":true}]},"2":{"line":3,"type":"if","locations":[{"start":{"line":0,"column":0},"end":{"line":0,"column":0},"skip":true},{"start":{"line":0,"column":0},"end":{"line":0,"column":0},"skip":true}]},"3":{"line":5,"type":"binary-expr","locations":[{"start":{"line":0,"column":0},"end":{"line":0,"column":0},"skip":true},{"start":{"line":0,"column":0},"end":{"line":0,"column":0},"skip":true}]},"4":{"line":5,"type":"if","locations":[{"start":{"line":0,"column":0},"end":{"line":0,"column":0},"skip":true},{"start":{"line":0,"column":0},"end":{"line":0,"column":0},"skip":true}]},"5":{"line":5,"type":"if","locations":[{"start":{"line":0,"column":0},"end":{"line":0,"column":0},"skip":true},{"start":{"line":0,"column":0},"end":{"line":0,"column":0},"skip":true}]},"6":{"line":5,"type":"if","locations":[{"start":{"line":0,"column":0},"end":{"line":0,"column":0},"skip":true},{"start":{"line":0,"column":0},"end":{"line":0,"column":0},"skip":true}]},"7":{"line":25,"type":"cond-expr","locations":[{"start":{"line":0,"column":0},"end":{"line":0,"column":0},"skip":true},{"start":{"line":0,"column":0},"end":{"line":0,"column":0},"skip":true}]},"8":{"line":25,"type":"binary-expr","locations":[{"start":{"line":0,"column":0},"end":{"line":0,"column":0},"skip":true},{"start":{"line":0,"column":0},"end":{"line":0,"column":0},"skip":true}]},"9":{"line":27,"type":"if","locations":[{"start":{"line":0,"column":0},"end":{"line":0,"column":0},"skip":true},{"start":{"line":0,"column":0},"end":{"line":0,"column":0},"skip":true}]},"10":{"line":29,"type":"if","locations":[{"start":{"line":0,"column":0},"end":{"line":0,"column":0},"skip":true},{"start":{"line":0,"column":0},"end":{"line":0,"column":0},"skip":true}]},"11":{"line":29,"type":"cond-expr","locations":[{"start":{"line":0,"column":0},"end":{"line":0,"column":0},"skip":true},{"start":{"line":0,"column":0},"end":{"line":0,"column":0},"skip":true}]},"12":{"line":29,"type":"binary-expr","locations":[{"start":{"line":0,"column":0},"end":{"line":0,"column":0},"skip":true},{"start":{"line":0,"column":0},"end":{"line":0,"column":0},"skip":true},{"start":{"line":0,"column":0},"end":{"line":0,"column":0},"skip":true}]},"13":{"line":31,"type":"if","locations":[{"start":{"line":0,"column":0},"end":{"line":0,"column":0},"skip":true},{"start":{"line":0,"column":0},"end":{"line":0,"column":0},"skip":true}]},"14":{"line":31,"type":"binary-expr","locations":[{"start":{"line":0,"column":0},"end":{"line":0,"column":0},"skip":true},{"start":{"line":0,"column":0},"end":{"line":0,"column":0},"skip":true}]},"15":{"line":31,"type":"binary-expr","locations":[{"start":{"line":0,"column":0},"end":{"line":0,"column":0},"skip":true},{"start":{"line":0,"column":0},"end":{"line":0,"column":0},"skip":true}]},"16":{"line":31,"type":"if","locations":[{"start":{"line":0,"column":0},"end":{"line":0,"column":0},"skip":true},{"start":{"line":0,"column":0},"end":{"line":0,"column":0},"skip":true}]},"17":{"line":31,"type":"cond-expr","locations":[{"start":{"line":0,"column":0},"end":{"line":0,"column":0},"skip":true},{"start":{"line":0,"column":0},"end":{"line":0,"column":0},"skip":true}]},"18":{"line":93,"type":"cond-expr","locations":[{"start":{"line":52,"column":43},"end":{"line":52,"column":46}},{"start":{"line":52,"column":49},"end":{"line":52,"column":50}}]}}},"/Volumes/Robert/Github/react-expandable-listview/src/lib/ListHeader.js":{"path":"/Volumes/Robert/Github/react-expandable-listview/src/lib/ListHeader.js","s":{"1":1,"2":1,"3":1,"4":2,"5":2,"6":2,"7":2,"8":2,"9":2,"10":1,"11":1,"12":1,"13":1,"14":0,"15":1,"16":1,"17":1,"18":1,"19":1,"20":1,"21":1,"22":0,"23":0,"24":1,"25":0,"26":0,"27":0,"28":1,"29":1,"30":0,"31":1,"32":1,"33":1,"34":1,"35":1,"36":1,"37":0,"38":0,"39":1,"40":0,"41":0,"42":0,"43":0,"44":0,"45":0,"46":0,"47":1,"48":1,"49":1},"b":{"1":[2,2],"2":[2,0],"3":[1,0],"4":[0,1],"5":[0,1],"6":[1,1],"7":[0,0],"8":[0,0],"9":[0,0],"10":[0,0,0],"11":[0,1],"12":[1,0],"13":[1,1],"14":[1,0],"15":[1,0]},"f":{"1":1,"2":1,"3":1,"4":1,"5":0,"6":0,"7":1,"8":1,"9":0,"10":0,"11":0},"fnMap":{"1":{"name":"(anonymous_1)","line":3,"loc":{"start":{"line":0,"column":0},"end":{"line":0,"column":0},"skip":true},"skip":true},"2":{"name":"defineProperties","line":3,"loc":{"start":{"line":0,"column":0},"end":{"line":0,"column":0},"skip":true},"skip":true},"3":{"name":"(anonymous_3)","line":3,"loc":{"start":{"line":0,"column":0},"end":{"line":0,"column":0},"skip":true},"skip":true},"4":{"name":"_interopRequireDefault","line":13,"loc":{"start":{"line":0,"column":0},"end":{"line":0,"column":0},"skip":true},"skip":true},"5":{"name":"_classCallCheck","line":15,"loc":{"start":{"line":0,"column":0},"end":{"line":0,"column":0},"skip":true},"skip":true},"6":{"name":"_possibleConstructorReturn","line":17,"loc":{"start":{"line":0,"column":0},"end":{"line":0,"column":0},"skip":true},"skip":true},"7":{"name":"_inherits","line":19,"loc":{"start":{"line":0,"column":0},"end":{"line":0,"column":0},"skip":true},"skip":true},"8":{"name":"(anonymous_8)","line":21,"loc":{"start":{"line":3,"column":31},"end":{"line":3,"column":31}}},"9":{"name":"ListHeader","line":24,"loc":{"start":{"line":0,"column":0},"end":{"line":0,"column":0},"skip":true},"skip":true},"10":{"name":"render","line":32,"loc":{"start":{"line":0,"column":0},"end":{"line":0,"column":0},"skip":true},"skip":true},"11":{"name":"handleClick","line":46,"loc":{"start":{"line":0,"column":0},"end":{"line":0,"column":0},"skip":true},"skip":true}},"statementMap":{"1":{"start":{"line":0,"column":0},"end":{"line":0,"column":0},"skip":true},"2":{"start":{"line":0,"column":0},"end":{"line":0,"column":0},"skip":true},"3":{"start":{"line":0,"column":0},"end":{"line":0,"column":0},"skip":true},"4":{"start":{"line":0,"column":0},"end":{"line":0,"column":0},"skip":true},"5":{"start":{"line":0,"column":0},"end":{"line":0,"column":0},"skip":true},"6":{"start":{"line":0,"column":0},"end":{"line":0,"column":0},"skip":true},"7":{"start":{"line":0,"column":0},"end":{"line":0,"column":0},"skip":true},"8":{"start":{"line":0,"column":0},"end":{"line":0,"column":0},"skip":true},"9":{"start":{"line":0,"column":0},"end":{"line":0,"column":0},"skip":true},"10":{"start":{"line":0,"column":0},"end":{"line":0,"column":0},"skip":true},"11":{"start":{"line":0,"column":0},"end":{"line":0,"column":0},"skip":true},"12":{"start":{"line":0,"column":0},"end":{"line":0,"column":0},"skip":true},"13":{"start":{"line":0,"column":0},"end":{"line":0,"column":0},"skip":true},"14":{"start":{"line":0,"column":0},"end":{"line":0,"column":0},"skip":true},"15":{"start":{"line":0,"column":0},"end":{"line":0,"column":0},"skip":true},"16":{"start":{"line":0,"column":0},"end":{"line":0,"column":0},"skip":true},"17":{"start":{"line":0,"column":0},"end":{"line":0,"column":0},"skip":true},"18":{"start":{"line":0,"column":0},"end":{"line":0,"column":0},"skip":true},"19":{"start":{"line":0,"column":0},"end":{"line":0,"column":0},"skip":true},"20":{"start":{"line":0,"column":0},"end":{"line":0,"column":0},"skip":true},"21":{"start":{"line":0,"column":0},"end":{"line":0,"column":0},"skip":true},"22":{"start":{"line":0,"column":0},"end":{"line":0,"column":0},"skip":true},"23":{"start":{"line":0,"column":0},"end":{"line":0,"column":0},"skip":true},"24":{"start":{"line":0,"column":0},"end":{"line":0,"column":0},"skip":true},"25":{"start":{"line":0,"column":0},"end":{"line":0,"column":0},"skip":true},"26":{"start":{"line":0,"column":0},"end":{"line":0,"column":0},"skip":true},"27":{"start":{"line":0,"column":0},"end":{"line":0,"column":0},"skip":true},"28":{"start":{"line":0,"column":0},"end":{"line":0,"column":0},"skip":true},"29":{"start":{"line":0,"column":0},"end":{"line":0,"column":0},"skip":true},"30":{"start":{"line":0,"column":0},"end":{"line":0,"column":0},"skip":true},"31":{"start":{"line":0,"column":0},"end":{"line":0,"column":0},"skip":true},"32":{"start":{"line":0,"column":0},"end":{"line":0,"column":0},"skip":true},"33":{"start":{"line":0,"column":0},"end":{"line":0,"column":0},"skip":true},"34":{"start":{"line":0,"column":0},"end":{"line":0,"column":0},"skip":true},"35":{"start":{"line":0,"column":0},"end":{"line":0,"column":0},"skip":true},"36":{"start":{"line":0,"column":0},"end":{"line":0,"column":0},"skip":true},"37":{"start":{"line":0,"column":0},"end":{"line":0,"column":0},"skip":true},"38":{"start":{"line":0,"column":0},"end":{"line":0,"column":0},"skip":true},"39":{"start":{"line":0,"column":0},"end":{"line":0,"column":0},"skip":true},"40":{"start":{"line":0,"column":0},"end":{"line":0,"column":0},"skip":true},"41":{"start":{"line":0,"column":0},"end":{"line":0,"column":0},"skip":true},"42":{"start":{"line":0,"column":0},"end":{"line":0,"column":0},"skip":true},"43":{"start":{"line":0,"column":0},"end":{"line":0,"column":0},"skip":true},"44":{"start":{"line":13,"column":4},"end":{"line":15,"column":6}},"45":{"start":{"line":0,"column":0},"end":{"line":0,"column":0},"skip":true},"46":{"start":{"line":20,"column":4},"end":{"line":20,"column":30}},"47":{"start":{"line":0,"column":0},"end":{"line":0,"column":0},"skip":true},"48":{"start":{"line":3,"column":21},"end":{"line":9,"column":3}},"49":{"start":{"line":0,"column":0},"end":{"line":0,"column":0},"skip":true}},"branchMap":{"1":{"line":3,"type":"binary-expr","locations":[{"start":{"line":0,"column":0},"end":{"line":0,"column":0},"skip":true},{"start":{"line":0,"column":0},"end":{"line":0,"column":0},"skip":true}]},"2":{"line":3,"type":"if","locations":[{"start":{"line":0,"column":0},"end":{"line":0,"column":0},"skip":true},{"start":{"line":0,"column":0},"end":{"line":0,"column":0},"skip":true}]},"3":{"line":3,"type":"if","locations":[{"start":{"line":0,"column":0},"end":{"line":0,"column":0},"skip":true},{"start":{"line":0,"column":0},"end":{"line":0,"column":0},"skip":true}]},"4":{"line":3,"type":"if","locations":[{"start":{"line":0,"column":0},"end":{"line":0,"column":0},"skip":true},{"start":{"line":0,"column":0},"end":{"line":0,"column":0},"skip":true}]},"5":{"line":13,"type":"cond-expr","locations":[{"start":{"line":0,"column":0},"end":{"line":0,"column":0},"skip":true},{"start":{"line":0,"column":0},"end":{"line":0,"column":0},"skip":true}]},"6":{"line":13,"type":"binary-expr","locations":[{"start":{"line":0,"column":0},"end":{"line":0,"column":0},"skip":true},{"start":{"line":0,"column":0},"end":{"line":0,"column":0},"skip":true}]},"7":{"line":15,"type":"if","locations":[{"start":{"line":0,"column":0},"end":{"line":0,"column":0},"skip":true},{"start":{"line":0,"column":0},"end":{"line":0,"column":0},"skip":true}]},"8":{"line":17,"type":"if","locations":[{"start":{"line":0,"column":0},"end":{"line":0,"column":0},"skip":true},{"start":{"line":0,"column":0},"end":{"line":0,"column":0},"skip":true}]},"9":{"line":17,"type":"cond-expr","locations":[{"start":{"line":0,"column":0},"end":{"line":0,"column":0},"skip":true},{"start":{"line":0,"column":0},"end":{"line":0,"column":0},"skip":true}]},"10":{"line":17,"type":"binary-expr","locations":[{"start":{"line":0,"column":0},"end":{"line":0,"column":0},"skip":true},{"start":{"line":0,"column":0},"end":{"line":0,"column":0},"skip":true},{"start":{"line":0,"column":0},"end":{"line":0,"column":0},"skip":true}]},"11":{"line":19,"type":"if","locations":[{"start":{"line":0,"column":0},"end":{"line":0,"column":0},"skip":true},{"start":{"line":0,"column":0},"end":{"line":0,"column":0},"skip":true}]},"12":{"line":19,"type":"binary-expr","locations":[{"start":{"line":0,"column":0},"end":{"line":0,"column":0},"skip":true},{"start":{"line":0,"column":0},"end":{"line":0,"column":0},"skip":true}]},"13":{"line":19,"type":"binary-expr","locations":[{"start":{"line":0,"column":0},"end":{"line":0,"column":0},"skip":true},{"start":{"line":0,"column":0},"end":{"line":0,"column":0},"skip":true}]},"14":{"line":19,"type":"if","locations":[{"start":{"line":0,"column":0},"end":{"line":0,"column":0},"skip":true},{"start":{"line":0,"column":0},"end":{"line":0,"column":0},"skip":true}]},"15":{"line":19,"type":"cond-expr","locations":[{"start":{"line":0,"column":0},"end":{"line":0,"column":0},"skip":true},{"start":{"line":0,"column":0},"end":{"line":0,"column":0},"skip":true}]}}},"/Volumes/Robert/Github/react-expandable-listview/src/lib/ListItemsManager.js":{"path":"/Volumes/Robert/Github/react-expandable-listview/src/lib/ListItemsManager.js","s":{"1":1,"2":1,"3":1,"4":1,"5":1,"6":1,"7":1,"8":1,"9":1,"10":1,"11":1,"12":1,"13":1,"14":0,"15":1,"16":1,"17":1,"18":1,"19":1,"20":1,"21":1,"22":2,"23":1,"24":0,"25":0,"26":0,"27":0,"28":0,"29":1,"30":0,"31":0,"32":1,"33":0,"34":0,"35":0,"36":1,"37":1,"38":0,"39":1,"40":1,"41":1,"42":1,"43":1,"44":1,"45":0,"46":0,"47":1,"48":0,"49":0,"50":0,"51":0,"52":0,"53":1,"54":1,"55":1},"b":{"1":[1,1],"2":[1,0],"3":[1,0],"4":[0,1],"5":[1,1],"6":[2,2],"7":[0,0],"8":[0,0],"9":[0,0],"10":[0,0],"11":[0,0,0],"12":[0,1],"13":[1,0],"14":[1,1],"15":[1,0],"16":[1,0]},"f":{"1":1,"2":1,"3":1,"4":2,"5":0,"6":0,"7":0,"8":1,"9":1,"10":0,"11":0,"12":0},"fnMap":{"1":{"name":"(anonymous_1)","line":3,"loc":{"start":{"line":0,"column":0},"end":{"line":0,"column":0},"skip":true},"skip":true},"2":{"name":"defineProperties","line":3,"loc":{"start":{"line":0,"column":0},"end":{"line":0,"column":0},"skip":true},"skip":true},"3":{"name":"(anonymous_3)","line":3,"loc":{"start":{"line":0,"column":0},"end":{"line":0,"column":0},"skip":true},"skip":true},"4":{"name":"_interopRequireDefault","line":17,"loc":{"start":{"line":0,"column":0},"end":{"line":0,"column":0},"skip":true},"skip":true},"5":{"name":"_toConsumableArray","line":19,"loc":{"start":{"line":0,"column":0},"end":{"line":0,"column":0},"skip":true},"skip":true},"6":{"name":"_classCallCheck","line":21,"loc":{"start":{"line":0,"column":0},"end":{"line":0,"column":0},"skip":true},"skip":true},"7":{"name":"_possibleConstructorReturn","line":23,"loc":{"start":{"line":0,"column":0},"end":{"line":0,"column":0},"skip":true},"skip":true},"8":{"name":"_inherits","line":25,"loc":{"start":{"line":0,"column":0},"end":{"line":0,"column":0},"skip":true},"skip":true},"9":{"name":"(anonymous_9)","line":27,"loc":{"start":{"line":4,"column":37},"end":{"line":4,"column":37}}},"10":{"name":"ListItemsManager","line":30,"loc":{"start":{"line":0,"column":0},"end":{"line":0,"column":0},"skip":true},"skip":true},"11":{"name":"render","line":38,"loc":{"start":{"line":0,"column":0},"end":{"line":0,"column":0},"skip":true},"skip":true},"12":{"name":"(anonymous_12)","line":46,"loc":{"start":{"line":15,"column":23},"end":{"line":15,"column":40}}}},"statementMap":{"1":{"start":{"line":0,"column":0},"end":{"line":0,"column":0},"skip":true},"2":{"start":{"line":0,"column":0},"end":{"line":0,"column":0},"skip":true},"3":{"start":{"line":0,"column":0},"end":{"line":0,"column":0},"skip":true},"4":{"start":{"line":0,"column":0},"end":{"line":0,"column":0},"skip":true},"5":{"start":{"line":0,"column":0},"end":{"line":0,"column":0},"skip":true},"6":{"start":{"line":0,"column":0},"end":{"line":0,"column":0},"skip":true},"7":{"start":{"line":0,"column":0},"end":{"line":0,"column":0},"skip":true},"8":{"start":{"line":0,"column":0},"end":{"line":0,"column":0},"skip":true},"9":{"start":{"line":0,"column":0},"end":{"line":0,"column":0},"skip":true},"10":{"start":{"line":0,"column":0},"end":{"line":0,"column":0},"skip":true},"11":{"start":{"line":0,"column":0},"end":{"line":0,"column":0},"skip":true},"12":{"start":{"line":0,"column":0},"end":{"line":0,"column":0},"skip":true},"13":{"start":{"line":0,"column":0},"end":{"line":0,"column":0},"skip":true},"14":{"start":{"line":0,"column":0},"end":{"line":0,"column":0},"skip":true},"15":{"start":{"line":0,"column":0},"end":{"line":0,"column":0},"skip":true},"16":{"start":{"line":0,"column":0},"end":{"line":0,"column":0},"skip":true},"17":{"start":{"line":0,"column":0},"end":{"line":0,"column":0},"skip":true},"18":{"start":{"line":0,"column":0},"end":{"line":0,"column":0},"skip":true},"19":{"start":{"line":0,"column":0},"end":{"line":0,"column":0},"skip":true},"20":{"start":{"line":0,"column":0},"end":{"line":0,"column":0},"skip":true},"21":{"start":{"line":0,"column":0},"end":{"line":0,"column":0},"skip":true},"22":{"start":{"line":0,"column":0},"end":{"line":0,"column":0},"skip":true},"23":{"start":{"line":0,"column":0},"end":{"line":0,"column":0},"skip":true},"24":{"start":{"line":0,"column":0},"end":{"line":0,"column":0},"skip":true},"25":{"start":{"line":0,"column":0},"end":{"line":0,"column":0},"skip":true},"26":{"start":{"line":0,"column":0},"end":{"line":0,"column":0},"skip":true},"27":{"start":{"line":0,"column":0},"end":{"line":0,"column":0},"skip":true},"28":{"start":{"line":0,"column":0},"end":{"line":0,"column":0},"skip":true},"29":{"start":{"line":0,"column":0},"end":{"line":0,"column":0},"skip":true},"30":{"start":{"line":0,"column":0},"end":{"line":0,"column":0},"skip":true},"31":{"start":{"line":0,"column":0},"end":{"line":0,"column":0},"skip":true},"32":{"start":{"line":0,"column":0},"end":{"line":0,"column":0},"skip":true},"33":{"start":{"line":0,"column":0},"end":{"line":0,"column":0},"skip":true},"34":{"start":{"line":0,"column":0},"end":{"line":0,"column":0},"skip":true},"35":{"start":{"line":0,"column":0},"end":{"line":0,"column":0},"skip":true},"36":{"start":{"line":0,"column":0},"end":{"line":0,"column":0},"skip":true},"37":{"start":{"line":0,"column":0},"end":{"line":0,"column":0},"skip":true},"38":{"start":{"line":0,"column":0},"end":{"line":0,"column":0},"skip":true},"39":{"start":{"line":0,"column":0},"end":{"line":0,"column":0},"skip":true},"40":{"start":{"line":0,"column":0},"end":{"line":0,"column":0},"skip":true},"41":{"start":{"line":0,"column":0},"end":{"line":0,"column":0},"skip":true},"42":{"start":{"line":0,"column":0},"end":{"line":0,"column":0},"skip":true},"43":{"start":{"line":0,"column":0},"end":{"line":0,"column":0},"skip":true},"44":{"start":{"line":0,"column":0},"end":{"line":0,"column":0},"skip":true},"45":{"start":{"line":0,"column":0},"end":{"line":0,"column":0},"skip":true},"46":{"start":{"line":0,"column":0},"end":{"line":0,"column":0},"skip":true},"47":{"start":{"line":0,"column":0},"end":{"line":0,"column":0},"skip":true},"48":{"start":{"line":0,"column":0},"end":{"line":0,"column":0},"skip":true},"49":{"start":{"line":0,"column":0},"end":{"line":0,"column":0},"skip":true},"50":{"start":{"line":0,"column":0},"end":{"line":0,"column":0},"skip":true},"51":{"start":{"line":12,"column":4},"end":{"line":26,"column":6}},"52":{"start":{"line":16,"column":10},"end":{"line":22,"column":12}},"53":{"start":{"line":0,"column":0},"end":{"line":0,"column":0},"skip":true},"54":{"start":{"line":4,"column":21},"end":{"line":8,"column":3}},"55":{"start":{"line":0,"column":0},"end":{"line":0,"column":0},"skip":true}},"branchMap":{"1":{"line":3,"type":"binary-expr","locations":[{"start":{"line":0,"column":0},"end":{"line":0,"column":0},"skip":true},{"start":{"line":0,"column":0},"end":{"line":0,"column":0},"skip":true}]},"2":{"line":3,"type":"if","locations":[{"start":{"line":0,"column":0},"end":{"line":0,"column":0},"skip":true},{"start":{"line":0,"column":0},"end":{"line":0,"column":0},"skip":true}]},"3":{"line":3,"type":"if","locations":[{"start":{"line":0,"column":0},"end":{"line":0,"column":0},"skip":true},{"start":{"line":0,"column":0},"end":{"line":0,"column":0},"skip":true}]},"4":{"line":3,"type":"if","locations":[{"start":{"line":0,"column":0},"end":{"line":0,"column":0},"skip":true},{"start":{"line":0,"column":0},"end":{"line":0,"column":0},"skip":true}]},"5":{"line":17,"type":"cond-expr","locations":[{"start":{"line":0,"column":0},"end":{"line":0,"column":0},"skip":true},{"start":{"line":0,"column":0},"end":{"line":0,"column":0},"skip":true}]},"6":{"line":17,"type":"binary-expr","locations":[{"start":{"line":0,"column":0},"end":{"line":0,"column":0},"skip":true},{"start":{"line":0,"column":0},"end":{"line":0,"column":0},"skip":true}]},"7":{"line":19,"type":"if","locations":[{"start":{"line":0,"column":0},"end":{"line":0,"column":0},"skip":true},{"start":{"line":0,"column":0},"end":{"line":0,"column":0},"skip":true}]},"8":{"line":21,"type":"if","locations":[{"start":{"line":0,"column":0},"end":{"line":0,"column":0},"skip":true},{"start":{"line":0,"column":0},"end":{"line":0,"column":0},"skip":true}]},"9":{"line":23,"type":"if","locations":[{"start":{"line":0,"column":0},"end":{"line":0,"column":0},"skip":true},{"start":{"line":0,"column":0},"end":{"line":0,"column":0},"skip":true}]},"10":{"line":23,"type":"cond-expr","locations":[{"start":{"line":0,"column":0},"end":{"line":0,"column":0},"skip":true},{"start":{"line":0,"column":0},"end":{"line":0,"column":0},"skip":true}]},"11":{"line":23,"type":"binary-expr","locations":[{"start":{"line":0,"column":0},"end":{"line":0,"column":0},"skip":true},{"start":{"line":0,"column":0},"end":{"line":0,"column":0},"skip":true},{"start":{"line":0,"column":0},"end":{"line":0,"column":0},"skip":true}]},"12":{"line":25,"type":"if","locations":[{"start":{"line":0,"column":0},"end":{"line":0,"column":0},"skip":true},{"start":{"line":0,"column":0},"end":{"line":0,"column":0},"skip":true}]},"13":{"line":25,"type":"binary-expr","locations":[{"start":{"line":0,"column":0},"end":{"line":0,"column":0},"skip":true},{"start":{"line":0,"column":0},"end":{"line":0,"column":0},"skip":true}]},"14":{"line":25,"type":"binary-expr","locations":[{"start":{"line":0,"column":0},"end":{"line":0,"column":0},"skip":true},{"start":{"line":0,"column":0},"end":{"line":0,"column":0},"skip":true}]},"15":{"line":25,"type":"if","locations":[{"start":{"line":0,"column":0},"end":{"line":0,"column":0},"skip":true},{"start":{"line":0,"column":0},"end":{"line":0,"column":0},"skip":true}]},"16":{"line":25,"type":"cond-expr","locations":[{"start":{"line":0,"column":0},"end":{"line":0,"column":0},"skip":true},{"start":{"line":0,"column":0},"end":{"line":0,"column":0},"skip":true}]}}},"/Volumes/Robert/Github/react-expandable-listview/src/lib/ListItem.js":{"path":"/Volumes/Robert/Github/react-expandable-listview/src/lib/ListItem.js","s":{"1":1,"2":1,"3":1,"4":1,"5":1,"6":1,"7":1,"8":1,"9":1,"10":1,"11":1,"12":1,"13":1,"14":0,"15":1,"16":1,"17":1,"18":1,"19":1,"20":1,"21":1,"22":0,"23":0,"24":1,"25":0,"26":0,"27":0,"28":1,"29":1,"30":0,"31":1,"32":1,"33":1,"34":1,"35":1,"36":1,"37":0,"38":0,"39":1,"40":0,"41":0,"42":0,"43":0,"44":1,"45":1,"46":1},"b":{"1":[1,1],"2":[1,0],"3":[1,0],"4":[0,1],"5":[0,1],"6":[1,1],"7":[0,0],"8":[0,0],"9":[0,0],"10":[0,0,0],"11":[0,1],"12":[1,0],"13":[1,1],"14":[1,0],"15":[1,0]},"f":{"1":1,"2":1,"3":1,"4":1,"5":0,"6":0,"7":1,"8":1,"9":0,"10":0},"fnMap":{"1":{"name":"(anonymous_1)","line":3,"loc":{"start":{"line":0,"column":0},"end":{"line":0,"column":0},"skip":true},"skip":true},"2":{"name":"defineProperties","line":3,"loc":{"start":{"line":0,"column":0},"end":{"line":0,"column":0},"skip":true},"skip":true},"3":{"name":"(anonymous_3)","line":3,"loc":{"start":{"line":0,"column":0},"end":{"line":0,"column":0},"skip":true},"skip":true},"4":{"name":"_interopRequireDefault","line":13,"loc":{"start":{"line":0,"column":0},"end":{"line":0,"column":0},"skip":true},"skip":true},"5":{"name":"_classCallCheck","line":15,"loc":{"start":{"line":0,"column":0},"end":{"line":0,"column":0},"skip":true},"skip":true},"6":{"name":"_possibleConstructorReturn","line":17,"loc":{"start":{"line":0,"column":0},"end":{"line":0,"column":0},"skip":true},"skip":true},"7":{"name":"_inherits","line":19,"loc":{"start":{"line":0,"column":0},"end":{"line":0,"column":0},"skip":true},"skip":true},"8":{"name":"(anonymous_8)","line":21,"loc":{"start":{"line":4,"column":29},"end":{"line":4,"column":29}}},"9":{"name":"ListItem","line":24,"loc":{"start":{"line":0,"column":0},"end":{"line":0,"column":0},"skip":true},"skip":true},"10":{"name":"render","line":32,"loc":{"start":{"line":0,"column":0},"end":{"line":0,"column":0},"skip":true},"skip":true}},"statementMap":{"1":{"start":{"line":0,"column":0},"end":{"line":0,"column":0},"skip":true},"2":{"start":{"line":0,"column":0},"end":{"line":0,"column":0},"skip":true},"3":{"start":{"line":0,"column":0},"end":{"line":0,"column":0},"skip":true},"4":{"start":{"line":0,"column":0},"end":{"line":0,"column":0},"skip":true},"5":{"start":{"line":0,"column":0},"end":{"line":0,"column":0},"skip":true},"6":{"start":{"line":0,"column":0},"end":{"line":0,"column":0},"skip":true},"7":{"start":{"line":0,"column":0},"end":{"line":0,"column":0},"skip":true},"8":{"start":{"line":0,"column":0},"end":{"line":0,"column":0},"skip":true},"9":{"start":{"line":0,"column":0},"end":{"line":0,"column":0},"skip":true},"10":{"start":{"line":0,"column":0},"end":{"line":0,"column":0},"skip":true},"11":{"start":{"line":0,"column":0},"end":{"line":0,"column":0},"skip":true},"12":{"start":{"line":0,"column":0},"end":{"line":0,"column":0},"skip":true},"13":{"start":{"line":0,"column":0},"end":{"line":0,"column":0},"skip":true},"14":{"start":{"line":0,"column":0},"end":{"line":0,"column":0},"skip":true},"15":{"start":{"line":0,"column":0},"end":{"line":0,"column":0},"skip":true},"16":{"start":{"line":0,"column":0},"end":{"line":0,"column":0},"skip":true},"17":{"start":{"line":0,"column":0},"end":{"line":0,"column":0},"skip":true},"18":{"start":{"line":0,"column":0},"end":{"line":0,"column":0},"skip":true},"19":{"start":{"line":0,"column":0},"end":{"line":0,"column":0},"skip":true},"20":{"start":{"line":0,"column":0},"end":{"line":0,"column":0},"skip":true},"21":{"start":{"line":0,"column":0},"end":{"line":0,"column":0},"skip":true},"22":{"start":{"line":0,"column":0},"end":{"line":0,"column":0},"skip":true},"23":{"start":{"line":0,"column":0},"end":{"line":0,"column":0},"skip":true},"24":{"start":{"line":0,"column":0},"end":{"line":0,"column":0},"skip":true},"25":{"start":{"line":0,"column":0},"end":{"line":0,"column":0},"skip":true},"26":{"start":{"line":0,"column":0},"end":{"line":0,"column":0},"skip":true},"27":{"start":{"line":0,"column":0},"end":{"line":0,"column":0},"skip":true},"28":{"start":{"line":0,"column":0},"end":{"line":0,"column":0},"skip":true},"29":{"start":{"line":0,"column":0},"end":{"line":0,"column":0},"skip":true},"30":{"start":{"line":0,"column":0},"end":{"line":0,"column":0},"skip":true},"31":{"start":{"line":0,"column":0},"end":{"line":0,"column":0},"skip":true},"32":{"start":{"line":0,"column":0},"end":{"line":0,"column":0},"skip":true},"33":{"start":{"line":0,"column":0},"end":{"line":0,"column":0},"skip":true},"34":{"start":{"line":0,"column":0},"end":{"line":0,"column":0},"skip":true},"35":{"start":{"line":0,"column":0},"end":{"line":0,"column":0},"skip":true},"36":{"start":{"line":0,"column":0},"end":{"line":0,"column":0},"skip":true},"37":{"start":{"line":0,"column":0},"end":{"line":0,"column":0},"skip":true},"38":{"start":{"line":0,"column":0},"end":{"line":0,"column":0},"skip":true},"39":{"start":{"line":0,"column":0},"end":{"line":0,"column":0},"skip":true},"40":{"start":{"line":0,"column":0},"end":{"line":0,"column":0},"skip":true},"41":{"start":{"line":0,"column":0},"end":{"line":0,"column":0},"skip":true},"42":{"start":{"line":0,"column":0},"end":{"line":0,"column":0},"skip":true},"43":{"start":{"line":12,"column":4},"end":{"line":14,"column":6}},"44":{"start":{"line":0,"column":0},"end":{"line":0,"column":0},"skip":true},"45":{"start":{"line":4,"column":21},"end":{"line":8,"column":3}},"46":{"start":{"line":0,"column":0},"end":{"line":0,"column":0},"skip":true}},"branchMap":{"1":{"line":3,"type":"binary-expr","locations":[{"start":{"line":0,"column":0},"end":{"line":0,"column":0},"skip":true},{"start":{"line":0,"column":0},"end":{"line":0,"column":0},"skip":true}]},"2":{"line":3,"type":"if","locations":[{"start":{"line":0,"column":0},"end":{"line":0,"column":0},"skip":true},{"start":{"line":0,"column":0},"end":{"line":0,"column":0},"skip":true}]},"3":{"line":3,"type":"if","locations":[{"start":{"line":0,"column":0},"end":{"line":0,"column":0},"skip":true},{"start":{"line":0,"column":0},"end":{"line":0,"column":0},"skip":true}]},"4":{"line":3,"type":"if","locations":[{"start":{"line":0,"column":0},"end":{"line":0,"column":0},"skip":true},{"start":{"line":0,"column":0},"end":{"line":0,"column":0},"skip":true}]},"5":{"line":13,"type":"cond-expr","locations":[{"start":{"line":0,"column":0},"end":{"line":0,"column":0},"skip":true},{"start":{"line":0,"column":0},"end":{"line":0,"column":0},"skip":true}]},"6":{"line":13,"type":"binary-expr","locations":[{"start":{"line":0,"column":0},"end":{"line":0,"column":0},"skip":true},{"start":{"line":0,"column":0},"end":{"line":0,"column":0},"skip":true}]},"7":{"line":15,"type":"if","locations":[{"start":{"line":0,"column":0},"end":{"line":0,"column":0},"skip":true},{"start":{"line":0,"column":0},"end":{"line":0,"column":0},"skip":true}]},"8":{"line":17,"type":"if","locations":[{"start":{"line":0,"column":0},"end":{"line":0,"column":0},"skip":true},{"start":{"line":0,"column":0},"end":{"line":0,"column":0},"skip":true}]},"9":{"line":17,"type":"cond-expr","locations":[{"start":{"line":0,"column":0},"end":{"line":0,"column":0},"skip":true},{"start":{"line":0,"column":0},"end":{"line":0,"column":0},"skip":true}]},"10":{"line":17,"type":"binary-expr","locations":[{"start":{"line":0,"column":0},"end":{"line":0,"column":0},"skip":true},{"start":{"line":0,"column":0},"end":{"line":0,"column":0},"skip":true},{"start":{"line":0,"column":0},"end":{"line":0,"column":0},"skip":true}]},"11":{"line":19,"type":"if","locations":[{"start":{"line":0,"column":0},"end":{"line":0,"column":0},"skip":true},{"start":{"line":0,"column":0},"end":{"line":0,"column":0},"skip":true}]},"12":{"line":19,"type":"binary-expr","locations":[{"start":{"line":0,"column":0},"end":{"line":0,"column":0},"skip":true},{"start":{"line":0,"column":0},"end":{"line":0,"column":0},"skip":true}]},"13":{"line":19,"type":"binary-expr","locations":[{"start":{"line":0,"column":0},"end":{"line":0,"column":0},"skip":true},{"start":{"line":0,"column":0},"end":{"line":0,"column":0},"skip":true}]},"14":{"line":19,"type":"if","locations":[{"start":{"line":0,"column":0},"end":{"line":0,"column":0},"skip":true},{"start":{"line":0,"column":0},"end":{"line":0,"column":0},"skip":true}]},"15":{"line":19,"type":"cond-expr","locations":[{"start":{"line":0,"column":0},"end":{"line":0,"column":0},"skip":true},{"start":{"line":0,"column":0},"end":{"line":0,"column":0},"skip":true}]}}}}