TN:
SF:/Volumes/Robert/Github/react-expandable-listview/src/ReactExpandableListView.js
FN:3,(anonymous_1)
FN:5,(anonymous_2)
FN:5,defineProperties
FN:5,(anonymous_4)
FN:25,_interopRequireDefault
FN:27,_classCallCheck
FN:29,_possibleConstructorReturn
FN:31,_inherits
FN:33,(anonymous_9)
FN:36,ReactListView
FN:51,render
FN:65,makeHeaderRef
FN:69,makeItemRef
FN:79,(anonymous_14)
FN:94,(anonymous_15)
FN:133,handleToggle
FNF:16
FNH:11
FNDA:0,(anonymous_1)
FNDA:1,(anonymous_2)
FNDA:1,defineProperties
FNDA:1,(anonymous_4)
FNDA:3,_interopRequireDefault
FNDA:0,_classCallCheck
FNDA:0,_possibleConstructorReturn
FNDA:1,_inherits
FNDA:1,(anonymous_9)
FNDA:0,ReactListView
FNDA:0,render
FNDA:0,makeHeaderRef
FNDA:0,makeItemRef
FNDA:0,(anonymous_14)
FNDA:0,(anonymous_15)
FNDA:0,handleToggle
DA:0,3
DA:6,1
DA:14,1
DA:17,0
DA:27,0
DA:28,0
DA:29,0
DA:32,0
DA:33,0
DA:36,0
DA:41,0
DA:42,0
DA:44,0
DA:45,0
DA:46,0
DA:48,0
DA:92,0
DA:93,0
DA:94,0
DA:96,0
LF:20
LH:3
BRDA:3,1,0,1
BRDA:3,1,1,0
BRDA:3,2,0,0
BRDA:3,2,1,0
BRDA:5,3,0,2
BRDA:5,3,1,2
BRDA:5,4,0,2
BRDA:5,4,1,0
BRDA:5,5,0,1
BRDA:5,5,1,0
BRDA:5,6,0,0
BRDA:5,6,1,1
BRDA:25,7,0,2
BRDA:25,7,1,1
BRDA:25,8,0,3
BRDA:25,8,1,3
BRDA:27,9,0,0
BRDA:27,9,1,0
BRDA:29,10,0,0
BRDA:29,10,1,0
BRDA:29,11,0,0
BRDA:29,11,1,0
BRDA:29,12,0,0
BRDA:29,12,1,0
BRDA:29,12,2,0
BRDA:31,13,0,0
BRDA:31,13,1,1
BRDA:31,14,0,1
BRDA:31,14,1,0
BRDA:31,15,0,1
BRDA:31,15,1,1
BRDA:31,16,0,1
BRDA:31,16,1,0
BRDA:31,17,0,1
BRDA:31,17,1,0
BRDA:93,18,0,0
BRDA:93,18,1,0
BRF:37
BRH:35
end_of_record
TN:
SF:/Volumes/Robert/Github/react-expandable-listview/src/lib/ListHeader.js
FN:3,(anonymous_1)
FN:3,defineProperties
FN:3,(anonymous_3)
FN:13,_interopRequireDefault
FN:15,_classCallCheck
FN:17,_possibleConstructorReturn
FN:19,_inherits
FN:21,(anonymous_8)
FN:24,ListHeader
FN:32,render
FN:46,handleClick
FNF:11
FNH:11
FNDA:1,(anonymous_1)
FNDA:1,defineProperties
FNDA:1,(anonymous_3)
FNDA:1,_interopRequireDefault
FNDA:0,_classCallCheck
FNDA:0,_possibleConstructorReturn
FNDA:1,_inherits
FNDA:1,(anonymous_8)
FNDA:0,ListHeader
FNDA:0,render
FNDA:0,handleClick
DA:0,2
DA:3,1
DA:13,0
DA:20,0
LF:4
LH:2
BRDA:3,1,0,2
BRDA:3,1,1,2
BRDA:3,2,0,2
BRDA:3,2,1,0
BRDA:3,3,0,1
BRDA:3,3,1,0
BRDA:3,4,0,0
BRDA:3,4,1,1
BRDA:13,5,0,0
BRDA:13,5,1,1
BRDA:13,6,0,1
BRDA:13,6,1,1
BRDA:15,7,0,0
BRDA:15,7,1,0
BRDA:17,8,0,0
BRDA:17,8,1,0
BRDA:17,9,0,0
BRDA:17,9,1,0
BRDA:17,10,0,0
BRDA:17,10,1,0
BRDA:17,10,2,0
BRDA:19,11,0,0
BRDA:19,11,1,1
BRDA:19,12,0,1
BRDA:19,12,1,0
BRDA:19,13,0,1
BRDA:19,13,1,1
BRDA:19,14,0,1
BRDA:19,14,1,0
BRDA:19,15,0,1
BRDA:19,15,1,0
BRF:31
BRH:31
end_of_record
TN:
SF:/Volumes/Robert/Github/react-expandable-listview/src/lib/ListItemsManager.js
FN:3,(anonymous_1)
FN:3,defineProperties
FN:3,(anonymous_3)
FN:17,_interopRequireDefault
FN:19,_toConsumableArray
FN:21,_classCallCheck
FN:23,_possibleConstructorReturn
FN:25,_inherits
FN:27,(anonymous_9)
FN:30,ListItemsManager
FN:38,render
FN:46,(anonymous_12)
FNF:12
FNH:11
FNDA:1,(anonymous_1)
FNDA:1,defineProperties
FNDA:1,(anonymous_3)
FNDA:2,_interopRequireDefault
FNDA:0,_toConsumableArray
FNDA:0,_classCallCheck
FNDA:0,_possibleConstructorReturn
FNDA:1,_inherits
FNDA:1,(anonymous_9)
FNDA:0,ListItemsManager
FNDA:0,render
FNDA:0,(anonymous_12)
DA:0,2
DA:4,1
DA:12,0
DA:16,0
LF:4
LH:2
BRDA:3,1,0,1
BRDA:3,1,1,1
BRDA:3,2,0,1
BRDA:3,2,1,0
BRDA:3,3,0,1
BRDA:3,3,1,0
BRDA:3,4,0,0
BRDA:3,4,1,1
BRDA:17,5,0,1
BRDA:17,5,1,1
BRDA:17,6,0,2
BRDA:17,6,1,2
BRDA:19,7,0,0
BRDA:19,7,1,0
BRDA:21,8,0,0
BRDA:21,8,1,0
BRDA:23,9,0,0
BRDA:23,9,1,0
BRDA:23,10,0,0
BRDA:23,10,1,0
BRDA:23,11,0,0
BRDA:23,11,1,0
BRDA:23,11,2,0
BRDA:25,12,0,0
BRDA:25,12,1,1
BRDA:25,13,0,1
BRDA:25,13,1,0
BRDA:25,14,0,1
BRDA:25,14,1,1
BRDA:25,15,0,1
BRDA:25,15,1,0
BRDA:25,16,0,1
BRDA:25,16,1,0
BRF:33
BRH:33
end_of_record
TN:
SF:/Volumes/Robert/Github/react-expandable-listview/src/lib/ListItem.js
FN:3,(anonymous_1)
FN:3,defineProperties
FN:3,(anonymous_3)
FN:13,_interopRequireDefault
FN:15,_classCallCheck
FN:17,_possibleConstructorReturn
FN:19,_inherits
FN:21,(anonymous_8)
FN:24,ListItem
FN:32,render
FNF:10
FNH:10
FNDA:1,(anonymous_1)
FNDA:1,defineProperties
FNDA:1,(anonymous_3)
FNDA:1,_interopRequireDefault
FNDA:0,_classCallCheck
FNDA:0,_possibleConstructorReturn
FNDA:1,_inherits
FNDA:1,(anonymous_8)
FNDA:0,ListItem
FNDA:0,render
DA:0,1
DA:4,1
DA:12,0
LF:3
LH:2
BRDA:3,1,0,1
BRDA:3,1,1,1
BRDA:3,2,0,1
BRDA:3,2,1,0
BRDA:3,3,0,1
BRDA:3,3,1,0
BRDA:3,4,0,0
BRDA:3,4,1,1
BRDA:13,5,0,0
BRDA:13,5,1,1
BRDA:13,6,0,1
BRDA:13,6,1,1
BRDA:15,7,0,0
BRDA:15,7,1,0
BRDA:17,8,0,0
BRDA:17,8,1,0
BRDA:17,9,0,0
BRDA:17,9,1,0
BRDA:17,10,0,0
BRDA:17,10,1,0
BRDA:17,10,2,0
BRDA:19,11,0,0
BRDA:19,11,1,1
BRDA:19,12,0,1
BRDA:19,12,1,0
BRDA:19,13,0,1
BRDA:19,13,1,1
BRDA:19,14,0,1
BRDA:19,14,1,0
BRDA:19,15,0,1
BRDA:19,15,1,0
BRF:31
BRH:31
end_of_record
